
**** Build of configuration Debug for project OBD-II_Diagnostics ****

"C:\\ti\\ccs1281\\ccs\\utils\\bin\\gmake" -k -j 6 all -O 
 
Building file: "../i2c.c"
Invoking: Arm Compiler
"C:/ti/ccs1281/ccs/tools/compiler/ti-cgt-arm_20.2.7.LTS/bin/armcl" -mv7M4 --code_state=16 --float_support=FPv4SPD16 -me --include_path="Z:/OBD-II_Diagnostics" --include_path="C:/ti/ccs1281/ccs/tools/compiler/ti-cgt-arm_20.2.7.LTS/include" --define=ccs="ccs" --define=PART_TM4C123GH6PM -g --gcc --diag_warning=225 --diag_wrap=off --display_error_number --abi=eabi --preproc_with_compile --preproc_dependency="i2c.d_raw"  "../i2c.c"
 
>> Compilation failure
subdir_rules.mk:9: recipe for target 'i2c.obj' failed
"../i2c.c", line 123: warning #225-D: function "delay_us" declared implicitly
"../i2c.c", line 127: error #20: identifier "GPIO_PORTB_ODR_REG" is undefined
"../i2c.c", line 43: warning #552-D: variable "g_currentModule" was set but never used
1 error detected in the compilation of "../i2c.c".
gmake: *** [i2c.obj] Error 1
Building file: "../led.c"
Invoking: Arm Compiler
"C:/ti/ccs1281/ccs/tools/compiler/ti-cgt-arm_20.2.7.LTS/bin/armcl" -mv7M4 --code_state=16 --float_support=FPv4SPD16 -me --include_path="Z:/OBD-II_Diagnostics" --include_path="C:/ti/ccs1281/ccs/tools/compiler/ti-cgt-arm_20.2.7.LTS/include" --define=ccs="ccs" --define=PART_TM4C123GH6PM -g --gcc --diag_warning=225 --diag_wrap=off --display_error_number --abi=eabi --preproc_with_compile --preproc_dependency="led.d_raw"  "../led.c"
 
>> Compilation failure
subdir_rules.mk:9: recipe for target 'led.obj' failed
"../led.c", line 4: error #20: identifier "SYSCTL_RCGCGPIO_R" is undefined
"../led.c", line 4: error #20: identifier "SYSCTL_RCGCGPIO_R5" is undefined
"../led.c", line 5: error #20: identifier "SYSCTL_PRGPIO_R" is undefined
"../led.c", line 5: error #20: identifier "SYSCTL_PRGPIO_R5" is undefined
"../led.c", line 7: error #20: identifier "GPIO_PORTF_LOCK_R" is undefined
"../led.c", line 8: error #20: identifier "GPIO_PORTF_CR_R" is undefined
"../led.c", line 10: error #20: identifier "GPIO_PORTF_DIR_R" is undefined
"../led.c", line 11: error #20: identifier "GPIO_PORTF_DEN_R" is undefined
"../led.c", line 16: error #20: identifier "GPIO_PORTF_DATA_R" is undefined
"../led.c", line 20: error #20: identifier "GPIO_PORTF_DATA_R" is undefined
"../led.c", line 24: error #20: identifier "GPIO_PORTF_DATA_R" is undefined
"../led.c", line 33: error #20: identifier "GPIO_PORTF_DATA_R" is undefined
12 errors detected in the compilation of "../led.c".
gmake: *** [led.obj] Error 1
gmake: Target 'all' not remade because of errors.

**** Build Finished ****
